<?xml version="1.0" encoding="UTF-8"?>
<coverage generated="1762855044504" clover="3.2.0">
  <project timestamp="1762855044504" name="All files">
    <metrics statements="23" coveredstatements="23" conditionals="18" coveredconditionals="18" methods="2" coveredmethods="2" elements="43" coveredelements="43" complexity="0" loc="23" ncloc="23" packages="1" files="1" classes="1"/>
    <file name="validation.ts" path="C:\Users\mhoang ne\Desktop\FloginFE_BE_Nhom_7\frontend\src\lib\validation.ts">
      <metrics statements="23" coveredstatements="23" conditionals="18" coveredconditionals="18" methods="2" coveredmethods="2"/>
      <line num="2" count="1" type="stmt"/>
      <line num="3" count="1" type="stmt"/>
      <line num="4" count="1" type="stmt"/>
      <line num="5" count="1" type="stmt"/>
      <line num="7" count="7" type="cond" truecount="2" falsecount="0"/>
      <line num="9" count="1" type="stmt"/>
      <line num="11" count="6" type="cond" truecount="2" falsecount="0"/>
      <line num="13" count="1" type="stmt"/>
      <line num="15" count="5" type="cond" truecount="2" falsecount="0"/>
      <line num="17" count="1" type="stmt"/>
      <line num="20" count="4" type="cond" truecount="2" falsecount="0"/>
      <line num="22" count="1" type="stmt"/>
      <line num="24" count="3" type="stmt"/>
      <line num="28" count="1" type="stmt"/>
      <line num="30" count="6" type="cond" truecount="2" falsecount="0"/>
      <line num="32" count="1" type="stmt"/>
      <line num="34" count="5" type="cond" truecount="2" falsecount="0"/>
      <line num="36" count="1" type="stmt"/>
      <line num="38" count="4" type="cond" truecount="2" falsecount="0"/>
      <line num="40" count="1" type="stmt"/>
      <line num="42" count="3" type="cond" truecount="4" falsecount="0"/>
      <line num="44" count="2" type="stmt"/>
      <line num="46" count="1" type="stmt"/>
    </file>
  </project>
</coverage>
