{"C:\\Users\\mhoang ne\\Desktop\\FloginFE_BE_Nhom_7\\frontend\\src\\lib\\validation.ts": {"path":"C:\\Users\\mhoang ne\\Desktop\\FloginFE_BE_Nhom_7\\frontend\\src\\lib\\validation.ts","statementMap":{"0":{"start":{"line":2,"column":22},"end":{"line":2,"column":41}},"1":{"start":{"line":3,"column":23},"end":{"line":3,"column":27}},"2":{"start":{"line":4,"column":23},"end":{"line":4,"column":33}},"3":{"start":{"line":5,"column":32},"end":{"line":25,"column":1}},"4":{"start":{"line":7,"column":4},"end":{"line":10,"column":5}},"5":{"start":{"line":9,"column":8},"end":{"line":9,"column":46}},"6":{"start":{"line":11,"column":4},"end":{"line":14,"column":5}},"7":{"start":{"line":13,"column":8},"end":{"line":13,"column":58}},"8":{"start":{"line":15,"column":4},"end":{"line":18,"column":5}},"9":{"start":{"line":17,"column":8},"end":{"line":17,"column":55}},"10":{"start":{"line":20,"column":4},"end":{"line":23,"column":5}},"11":{"start":{"line":22,"column":8},"end":{"line":22,"column":61}},"12":{"start":{"line":24,"column":4},"end":{"line":24,"column":14}},"13":{"start":{"line":5,"column":13},"end":{"line":5,"column":32}},"14":{"start":{"line":28,"column":32},"end":{"line":47,"column":1}},"15":{"start":{"line":30,"column":4},"end":{"line":33,"column":5}},"16":{"start":{"line":32,"column":8},"end":{"line":32,"column":46}},"17":{"start":{"line":34,"column":4},"end":{"line":37,"column":5}},"18":{"start":{"line":36,"column":8},"end":{"line":36,"column":58}},"19":{"start":{"line":38,"column":4},"end":{"line":41,"column":5}},"20":{"start":{"line":40,"column":8},"end":{"line":40,"column":56}},"21":{"start":{"line":42,"column":4},"end":{"line":45,"column":5}},"22":{"start":{"line":44,"column":8},"end":{"line":44,"column":48}},"23":{"start":{"line":46,"column":4},"end":{"line":46,"column":14}},"24":{"start":{"line":28,"column":13},"end":{"line":28,"column":32}}},"fnMap":{"0":{"name":"(anonymous_0)","decl":{"start":{"line":5,"column":32},"end":{"line":5,"column":33}},"loc":{"start":{"line":5,"column":61},"end":{"line":25,"column":1}}},"1":{"name":"(anonymous_1)","decl":{"start":{"line":28,"column":32},"end":{"line":28,"column":33}},"loc":{"start":{"line":28,"column":61},"end":{"line":47,"column":1}}}},"branchMap":{"0":{"loc":{"start":{"line":7,"column":4},"end":{"line":10,"column":5}},"type":"if","locations":[{"start":{"line":7,"column":4},"end":{"line":10,"column":5}},{"start":{},"end":{}}]},"1":{"loc":{"start":{"line":11,"column":4},"end":{"line":14,"column":5}},"type":"if","locations":[{"start":{"line":11,"column":4},"end":{"line":14,"column":5}},{"start":{},"end":{}}]},"2":{"loc":{"start":{"line":15,"column":4},"end":{"line":18,"column":5}},"type":"if","locations":[{"start":{"line":15,"column":4},"end":{"line":18,"column":5}},{"start":{},"end":{}}]},"3":{"loc":{"start":{"line":20,"column":4},"end":{"line":23,"column":5}},"type":"if","locations":[{"start":{"line":20,"column":4},"end":{"line":23,"column":5}},{"start":{},"end":{}}]},"4":{"loc":{"start":{"line":30,"column":4},"end":{"line":33,"column":5}},"type":"if","locations":[{"start":{"line":30,"column":4},"end":{"line":33,"column":5}},{"start":{},"end":{}}]},"5":{"loc":{"start":{"line":34,"column":4},"end":{"line":37,"column":5}},"type":"if","locations":[{"start":{"line":34,"column":4},"end":{"line":37,"column":5}},{"start":{},"end":{}}]},"6":{"loc":{"start":{"line":38,"column":4},"end":{"line":41,"column":5}},"type":"if","locations":[{"start":{"line":38,"column":4},"end":{"line":41,"column":5}},{"start":{},"end":{}}]},"7":{"loc":{"start":{"line":42,"column":4},"end":{"line":45,"column":5}},"type":"if","locations":[{"start":{"line":42,"column":4},"end":{"line":45,"column":5}},{"start":{},"end":{}}]},"8":{"loc":{"start":{"line":42,"column":7},"end":{"line":42,"column":71}},"type":"binary-expr","locations":[{"start":{"line":42,"column":7},"end":{"line":42,"column":37}},{"start":{"line":42,"column":41},"end":{"line":42,"column":71}}]}},"s":{"0":1,"1":1,"2":1,"3":1,"4":7,"5":1,"6":6,"7":1,"8":5,"9":1,"10":4,"11":1,"12":3,"13":1,"14":1,"15":6,"16":1,"17":5,"18":1,"19":4,"20":1,"21":3,"22":2,"23":1,"24":1},"f":{"0":7,"1":6},"b":{"0":[1,6],"1":[1,5],"2":[1,4],"3":[1,3],"4":[1,5],"5":[1,4],"6":[1,3],"7":[2,1],"8":[3,2]}}
}
