TN:
SF:src\lib\validation.ts
FN:5,(anonymous_0)
FN:28,(anonymous_1)
FNF:2
FNH:2
FNDA:7,(anonymous_0)
FNDA:6,(anonymous_1)
DA:2,1
DA:3,1
DA:4,1
DA:5,1
DA:7,7
DA:9,1
DA:11,6
DA:13,1
DA:15,5
DA:17,1
DA:20,4
DA:22,1
DA:24,3
DA:28,1
DA:30,6
DA:32,1
DA:34,5
DA:36,1
DA:38,4
DA:40,1
DA:42,3
DA:44,2
DA:46,1
LF:23
LH:23
BRDA:7,0,0,1
BRDA:7,0,1,6
BRDA:11,1,0,1
BRDA:11,1,1,5
BRDA:15,2,0,1
BRDA:15,2,1,4
BRDA:20,3,0,1
BRDA:20,3,1,3
BRDA:30,4,0,1
BRDA:30,4,1,5
BRDA:34,5,0,1
BRDA:34,5,1,4
BRDA:38,6,0,1
BRDA:38,6,1,3
BRDA:42,7,0,2
BRDA:42,7,1,1
BRDA:42,8,0,3
BRDA:42,8,1,2
BRF:18
BRH:18
end_of_record
