TN:
SF:src\components\ProductDialog.tsx
FN:6,validateProduct
FN:51,ProductDialog
FN:67,(anonymous_2)
FN:92,(anonymous_3)
FN:94,(anonymous_4)
FN:96,(anonymous_5)
FN:106,onChange
FN:107,(anonymous_7)
FN:109,onBlur
FN:110,(anonymous_9)
FN:112,(anonymous_10)
FN:114,submit
FN:128,handleOverlayMouseDown
FN:135,(anonymous_13)
FN:183,(anonymous_14)
FN:184,(anonymous_15)
FN:201,(anonymous_16)
FN:202,(anonymous_17)
FN:218,(anonymous_18)
FN:219,(anonymous_19)
FN:236,(anonymous_20)
FN:237,(anonymous_21)
FN:241,(anonymous_22)
FN:256,(anonymous_23)
FN:257,(anonymous_24)
FN:289,(anonymous_25)
FNF:26
FNH:12
FNDA:5,validateProduct
FNDA:5,ProductDialog
FNDA:2,(anonymous_2)
FNDA:2,(anonymous_3)
FNDA:0,(anonymous_4)
FNDA:1,(anonymous_5)
FNDA:2,onChange
FNDA:2,(anonymous_7)
FNDA:0,onBlur
FNDA:0,(anonymous_9)
FNDA:60,(anonymous_10)
FNDA:1,submit
FNDA:0,handleOverlayMouseDown
FNDA:20,(anonymous_13)
FNDA:1,(anonymous_14)
FNDA:0,(anonymous_15)
FNDA:1,(anonymous_16)
FNDA:0,(anonymous_17)
FNDA:0,(anonymous_18)
FNDA:0,(anonymous_19)
FNDA:0,(anonymous_20)
FNDA:0,(anonymous_21)
FNDA:0,(anonymous_22)
FNDA:0,(anonymous_23)
FNDA:0,(anonymous_24)
FNDA:0,(anonymous_25)
DA:2,1
DA:7,5
DA:8,5
DA:10,5
DA:11,5
DA:12,2
DA:13,2
DA:16,5
DA:17,5
DA:18,3
DA:19,3
DA:22,5
DA:23,5
DA:24,0
DA:25,0
DA:28,5
DA:29,5
DA:30,0
DA:31,0
DA:34,5
DA:35,0
DA:36,0
DA:39,5
DA:51,1
DA:54,5
DA:63,5
DA:64,5
DA:67,5
DA:68,2
DA:69,1
DA:70,0
DA:78,1
DA:87,1
DA:88,1
DA:92,5
DA:93,2
DA:94,1
DA:95,1
DA:96,1
DA:99,5
DA:101,4
DA:102,4
DA:107,2
DA:110,0
DA:112,60
DA:115,1
DA:116,1
DA:118,1
DA:119,1
DA:120,0
DA:121,0
DA:123,1
DA:124,1
DA:129,0
DA:133,4
DA:135,4
DA:136,20
DA:141,4
DA:183,1
DA:184,0
DA:201,1
DA:202,0
DA:218,0
DA:219,0
DA:236,0
DA:237,0
DA:242,0
DA:256,0
DA:257,0
DA:290,0
LF:70
LH:49
BRDA:10,0,0,5
BRDA:10,0,1,0
BRDA:11,1,0,2
BRDA:11,1,1,3
BRDA:11,2,0,5
BRDA:11,2,1,3
BRDA:11,2,2,3
BRDA:17,3,0,3
BRDA:17,3,1,2
BRDA:17,4,0,5
BRDA:17,4,1,2
BRDA:23,5,0,0
BRDA:23,5,1,5
BRDA:23,6,0,5
BRDA:23,6,1,5
BRDA:28,7,0,5
BRDA:28,7,1,0
BRDA:29,8,0,0
BRDA:29,8,1,5
BRDA:34,9,0,0
BRDA:34,9,1,5
BRDA:59,10,0,5
BRDA:59,10,1,5
BRDA:68,11,0,1
BRDA:68,11,1,1
BRDA:69,12,0,0
BRDA:69,12,1,1
BRDA:74,13,0,0
BRDA:74,13,1,0
BRDA:83,14,0,1
BRDA:83,14,1,1
BRDA:93,15,0,1
BRDA:93,15,1,1
BRDA:94,16,0,0
BRDA:94,16,1,0
BRDA:99,17,0,1
BRDA:99,17,1,4
BRDA:102,18,0,4
BRDA:102,18,1,0
BRDA:103,19,0,0
BRDA:103,19,1,0
BRDA:112,20,0,60
BRDA:112,20,1,60
BRDA:116,21,0,0
BRDA:116,21,1,1
BRDA:119,22,0,0
BRDA:119,22,1,1
BRDA:129,23,0,0
BRDA:129,23,1,0
BRDA:136,24,0,0
BRDA:136,24,1,20
BRDA:139,25,0,0
BRDA:139,25,1,20
BRDA:180,26,0,4
BRDA:180,26,1,0
BRDA:186,27,0,4
BRDA:186,27,1,0
BRDA:188,28,0,4
BRDA:188,28,1,0
BRDA:188,28,2,0
BRDA:197,29,0,4
BRDA:197,29,1,0
BRDA:205,30,0,4
BRDA:205,30,1,0
BRDA:207,31,0,4
BRDA:207,31,1,0
BRDA:207,31,2,0
BRDA:214,32,0,4
BRDA:214,32,1,0
BRDA:222,33,0,4
BRDA:222,33,1,0
BRDA:224,34,0,4
BRDA:224,34,1,0
BRDA:224,34,2,0
BRDA:234,35,0,4
BRDA:234,35,1,0
BRDA:239,36,0,4
BRDA:239,36,1,0
BRDA:245,37,0,4
BRDA:245,37,1,0
BRDA:245,37,2,0
BRDA:253,38,0,4
BRDA:253,38,1,0
BRDA:260,39,0,4
BRDA:260,39,1,0
BRDA:262,40,0,4
BRDA:262,40,1,0
BRDA:262,40,2,0
BRDA:271,41,0,0
BRDA:271,41,1,4
BRDA:271,42,0,4
BRDA:271,42,1,0
BRDA:271,42,2,0
BRDA:282,43,0,0
BRDA:282,43,1,4
BRDA:284,44,0,4
BRDA:284,44,1,4
BRF:97
BRH:54
end_of_record
TN:
SF:src\lib\axios.ts
FN:13,(anonymous_1)
FN:21,(anonymous_2)
FN:22,(anonymous_3)
FNF:3
FNH:1
FNDA:1,(anonymous_1)
FNDA:0,(anonymous_2)
FNDA:0,(anonymous_3)
DA:1,2
DA:3,2
DA:13,2
DA:14,1
DA:15,1
DA:16,1
DA:20,2
DA:21,0
DA:22,0
DA:25,2
LF:10
LH:8
BRDA:15,0,0,0
BRDA:15,0,1,1
BRF:2
BRH:1
end_of_record
TN:
SF:src\pages\ProductsPage.tsx
FN:11,ProductsPage
FN:18,(anonymous_2)
FN:20,(anonymous_3)
FN:21,(anonymous_4)
FN:28,onLogout
FN:34,handleSave
FN:37,(anonymous_7)
FN:37,(anonymous_8)
FN:40,(anonymous_9)
FN:48,onDelete
FN:51,(anonymous_11)
FN:61,(anonymous_12)
FN:82,(anonymous_13)
FN:92,(anonymous_14)
FN:98,(anonymous_15)
FN:104,(anonymous_16)
FN:119,(anonymous_17)
FNF:17
FNH:8
FNDA:2,ProductsPage
FNDA:1,(anonymous_2)
FNDA:1,(anonymous_3)
FNDA:1,(anonymous_4)
FNDA:0,onLogout
FNDA:1,handleSave
FNDA:0,(anonymous_7)
FNDA:0,(anonymous_8)
FNDA:1,(anonymous_9)
FNDA:0,onDelete
FNDA:0,(anonymous_11)
FNDA:1,(anonymous_12)
FNDA:0,(anonymous_13)
FNDA:0,(anonymous_14)
FNDA:0,(anonymous_15)
FNDA:0,(anonymous_16)
FNDA:1,(anonymous_17)
DA:1,1
DA:2,1
DA:3,1
DA:4,1
DA:6,1
DA:7,1
DA:11,1
DA:12,2
DA:13,2
DA:14,2
DA:15,2
DA:16,2
DA:17,2
DA:18,2
DA:20,2
DA:21,1
DA:22,1
DA:23,0
DA:24,0
DA:29,0
DA:30,0
DA:35,1
DA:36,0
DA:37,0
DA:39,1
DA:40,1
DA:43,1
DA:44,1
DA:45,1
DA:49,0
DA:50,0
DA:51,0
DA:54,2
DA:61,1
DA:83,0
DA:92,0
DA:98,0
DA:104,0
DA:119,1
LF:39
LH:26
BRDA:18,0,0,1
BRDA:18,0,1,1
BRDA:35,1,0,0
BRDA:35,1,1,1
BRDA:37,2,0,0
BRDA:37,2,1,0
BRDA:49,3,0,0
BRDA:49,3,1,0
BRDA:111,4,0,2
BRDA:111,4,1,2
BRF:10
BRH:5
end_of_record
TN:
SF:src\services\auth.ts
FN:15,login
FN:39,logout
FN:44,isAuthed
FNF:3
FNH:0
FNDA:0,login
FNDA:0,logout
FNDA:0,isAuthed
DA:1,1
DA:15,1
DA:16,0
DA:17,0
DA:19,0
DA:20,0
DA:21,0
DA:23,0
DA:25,0
DA:26,0
DA:39,1
DA:40,0
DA:41,0
DA:44,1
DA:45,0
LF:15
LH:4
BRDA:19,0,0,0
BRDA:19,0,1,0
BRDA:19,1,0,0
BRDA:19,1,1,0
BRDA:21,2,0,0
BRDA:21,2,1,0
BRDA:29,3,0,0
BRDA:29,3,1,0
BRDA:30,4,0,0
BRDA:30,4,1,0
BRDA:32,5,0,0
BRDA:32,5,1,0
BRF:12
BRH:0
end_of_record
TN:
SF:src\services\categories.ts
FN:4,getCategories
FNF:1
FNH:1
FNDA:1,getCategories
DA:1,1
DA:4,1
DA:5,1
DA:6,0
LF:4
LH:3
BRF:0
BRH:0
end_of_record
TN:
SF:src\services\product.ts
FN:4,getProducts
FN:9,createProduct
FN:14,updateProduct
FN:19,deleteProduct
FN:23,readProduct
FNF:5
FNH:0
FNDA:0,getProducts
FNDA:0,createProduct
FNDA:0,updateProduct
FNDA:0,deleteProduct
FNDA:0,readProduct
DA:1,1
DA:4,1
DA:5,0
DA:6,0
DA:9,1
DA:10,0
DA:11,0
DA:14,1
DA:15,0
DA:16,0
DA:19,1
DA:20,0
DA:23,1
DA:24,0
DA:25,0
LF:15
LH:6
BRF:0
BRH:0
end_of_record
